0 info it worked if it ends with ok
1 verbose cli [ '/home/ec2-user/.nvm/v0.10.40/bin/node',
1 verbose cli   '/home/ec2-user/.nvm/v0.10.40/bin/npm',
1 verbose cli   'install',
1 verbose cli   'TypeScript' ]
2 info using npm@1.4.28
3 info using node@v0.10.40
4 verbose readDependencies using package.json deps
5 verbose cache add [ 'TypeScript', null ]
6 verbose cache add name=undefined spec="TypeScript" args=["TypeScript",null]
7 verbose parsed url { protocol: null,
7 verbose parsed url   slashes: null,
7 verbose parsed url   auth: null,
7 verbose parsed url   host: null,
7 verbose parsed url   port: null,
7 verbose parsed url   hostname: null,
7 verbose parsed url   hash: null,
7 verbose parsed url   search: null,
7 verbose parsed url   query: null,
7 verbose parsed url   pathname: 'TypeScript',
7 verbose parsed url   path: 'TypeScript',
7 verbose parsed url   href: 'TypeScript' }
8 silly lockFile d4a86cb9-TypeScript TypeScript
9 verbose lock TypeScript /home/ec2-user/.npm/d4a86cb9-TypeScript.lock
10 silly lockFile d4a86cb9-TypeScript TypeScript
11 silly lockFile d4a86cb9-TypeScript TypeScript
12 verbose addNamed [ 'TypeScript', '' ]
13 verbose addNamed [ null, '*' ]
14 silly lockFile e8dc9d65-TypeScript TypeScript@
15 verbose lock TypeScript@ /home/ec2-user/.npm/e8dc9d65-TypeScript.lock
16 silly addNameRange { name: 'TypeScript', range: '*', hasData: false }
17 verbose request where is /TypeScript
18 verbose request registry https://registry.npmjs.org/
19 verbose request id 3eee0f77ceac6602
20 verbose url raw /TypeScript
21 verbose url resolving [ 'https://registry.npmjs.org/', './TypeScript' ]
22 verbose url resolved https://registry.npmjs.org/TypeScript
23 verbose request where is https://registry.npmjs.org/TypeScript
24 info trying registry request attempt 1 at 23:10:55
25 http GET https://registry.npmjs.org/TypeScript
26 http 404 https://registry.npmjs.org/TypeScript
27 silly registry.get cb [ 404,
27 silly registry.get   { 'content-type': 'application/json',
27 silly registry.get     'cache-control': 'max-age=0',
27 silly registry.get     'content-length': '2',
27 silly registry.get     'accept-ranges': 'bytes',
27 silly registry.get     date: 'Sun, 15 May 2016 23:10:56 GMT',
27 silly registry.get     via: '1.1 varnish',
27 silly registry.get     age: '0',
27 silly registry.get     connection: 'keep-alive',
27 silly registry.get     'x-served-by': 'cache-itm7427-ITM',
27 silly registry.get     'x-cache': 'MISS',
27 silly registry.get     'x-cache-hits': '0',
27 silly registry.get     'x-timer': 'S1463353855.869601,VS0,VE184',
27 silly registry.get     vary: 'Accept-Encoding' } ]
28 silly lockFile e8dc9d65-TypeScript TypeScript@
29 silly lockFile e8dc9d65-TypeScript TypeScript@
30 error 404 Not Found
30 error 404
30 error 404 'TypeScript' is not in the npm registry.
30 error 404 You should bug the author to publish it
30 error 404 It was specified as a dependency of 'Tictactoe_git'
30 error 404
30 error 404 Note that you can also install from a
30 error 404 tarball, folder, or http url, or git url.
31 error System Linux 4.4.8-20.46.amzn1.x86_64
32 error command "/home/ec2-user/.nvm/v0.10.40/bin/node" "/home/ec2-user/.nvm/v0.10.40/bin/npm" "install" "TypeScript"
33 error cwd /home/ec2-user/tictacwar
34 error node -v v0.10.40
35 error npm -v 1.4.28
36 error code E404
37 verbose exit [ 1, true ]
